[19:46:18] [ServerMain/INFO]: Building unoptimized datafixer
[19:46:19] [ServerMain/INFO]: Environment: authHost='https://authserver.mojang.com', accountsHost='https://api.mojang.com', sessionHost='https://sessionserver.mojang.com', servicesHost='https://api.minecraftservices.com', name='PROD'
[19:46:23] [ServerMain/INFO]: Loaded 7 recipes
[19:46:25] [Server thread/INFO]: Starting minecraft server version 1.19
[19:46:25] [Server thread/INFO]: Loading properties
[19:46:25] [Server thread/INFO]: This server is running CraftBukkit version 3553-Spigot-14a2382-ef09464 (MC: 1.19) (Implementing API version 1.19-R0.1-SNAPSHOT)
[19:46:25] [Server thread/INFO]: Debug logging is disabled
[19:46:25] [Server thread/INFO]: Server Ping Player Sample Count: 12
[19:46:25] [Server thread/INFO]: Using 4 threads for Netty based IO
[19:46:25] [Server thread/INFO]: Default game type: SURVIVAL
[19:46:25] [Server thread/INFO]: Generating keypair
[19:46:25] [Server thread/INFO]: Starting Minecraft server on *:25565
[19:46:25] [Server thread/INFO]: Using default channel type
[19:46:26] [Server thread/INFO]: [prueba] Loading prueba v0.0.2
[19:46:26] [Server thread/INFO]: Preparing level "world"
[19:46:27] [Server thread/INFO]: -------- World Settings For [world] --------
[19:46:27] [Server thread/INFO]: Nerfing mobs spawned from spawners: false
[19:46:27] [Server thread/INFO]: Arrow Despawn Rate: 1200 Trident Respawn Rate:1200
[19:46:27] [Server thread/INFO]: Hopper Transfer: 8 Hopper Check: 1 Hopper Amount: 1 Hopper Can Load Chunks: false
[19:46:27] [Server thread/INFO]: Entity Tracking Range: Pl 48 / An 48 / Mo 48 / Mi 32 / Other 64
[19:46:27] [Server thread/INFO]: Custom Map Seeds:  Village: 10387312 Desert: 14357617 Igloo: 14357618 Jungle: 14357619 Swamp: 14357620 Monument: 10387313 Ocean: 14357621 Shipwreck: 165745295 End City: 10387313 Slime: 987234911 Nether: 30084232 Mansion: 10387319 Fossil: 14357921 Portal: 34222645
[19:46:27] [Server thread/INFO]: Max TNT Explosions: 100
[19:46:27] [Server thread/INFO]: Tile Max Tick Time: 50ms Entity max Tick Time: 50ms
[19:46:27] [Server thread/INFO]: Mob Spawn Range: 6
[19:46:27] [Server thread/INFO]: Experience Merge Radius: 3.0
[19:46:27] [Server thread/INFO]: Cactus Growth Modifier: 100%
[19:46:27] [Server thread/INFO]: Cane Growth Modifier: 100%
[19:46:27] [Server thread/INFO]: Melon Growth Modifier: 100%
[19:46:27] [Server thread/INFO]: Mushroom Growth Modifier: 100%
[19:46:27] [Server thread/INFO]: Pumpkin Growth Modifier: 100%
[19:46:27] [Server thread/INFO]: Sapling Growth Modifier: 100%
[19:46:27] [Server thread/INFO]: Beetroot Growth Modifier: 100%
[19:46:27] [Server thread/INFO]: Carrot Growth Modifier: 100%
[19:46:27] [Server thread/INFO]: Potato Growth Modifier: 100%
[19:46:27] [Server thread/INFO]: Wheat Growth Modifier: 100%
[19:46:27] [Server thread/INFO]: NetherWart Growth Modifier: 100%
[19:46:27] [Server thread/INFO]: Vine Growth Modifier: 100%
[19:46:27] [Server thread/INFO]: Cocoa Growth Modifier: 100%
[19:46:27] [Server thread/INFO]: Bamboo Growth Modifier: 100%
[19:46:27] [Server thread/INFO]: SweetBerry Growth Modifier: 100%
[19:46:27] [Server thread/INFO]: Kelp Growth Modifier: 100%
[19:46:27] [Server thread/INFO]: Allow Zombie Pigmen to spawn from portal blocks: true
[19:46:27] [Server thread/INFO]: View Distance: 10
[19:46:27] [Server thread/INFO]: Simulation Distance: 10
[19:46:27] [Server thread/INFO]: Item Merge Radius: 2.5
[19:46:27] [Server thread/INFO]: Item Despawn Rate: 6000
[19:46:27] [Server thread/INFO]: Entity Activation Range: An 32 / Mo 32 / Ra 48 / Mi 16 / Tiv true / Isa false
[19:46:27] [Server thread/INFO]: Zombie Aggressive Towards Villager: true
[19:46:27] [Server thread/INFO]: -------- World Settings For [world_nether] --------
[19:46:27] [Server thread/INFO]: Nerfing mobs spawned from spawners: false
[19:46:27] [Server thread/INFO]: Arrow Despawn Rate: 1200 Trident Respawn Rate:1200
[19:46:27] [Server thread/INFO]: Hopper Transfer: 8 Hopper Check: 1 Hopper Amount: 1 Hopper Can Load Chunks: false
[19:46:27] [Server thread/INFO]: Entity Tracking Range: Pl 48 / An 48 / Mo 48 / Mi 32 / Other 64
[19:46:27] [Server thread/INFO]: Custom Map Seeds:  Village: 10387312 Desert: 14357617 Igloo: 14357618 Jungle: 14357619 Swamp: 14357620 Monument: 10387313 Ocean: 14357621 Shipwreck: 165745295 End City: 10387313 Slime: 987234911 Nether: 30084232 Mansion: 10387319 Fossil: 14357921 Portal: 34222645
[19:46:27] [Server thread/INFO]: Max TNT Explosions: 100
[19:46:27] [Server thread/INFO]: Tile Max Tick Time: 50ms Entity max Tick Time: 50ms
[19:46:27] [Server thread/INFO]: Mob Spawn Range: 6
[19:46:27] [Server thread/INFO]: Experience Merge Radius: 3.0
[19:46:27] [Server thread/INFO]: Cactus Growth Modifier: 100%
[19:46:27] [Server thread/INFO]: Cane Growth Modifier: 100%
[19:46:27] [Server thread/INFO]: Melon Growth Modifier: 100%
[19:46:27] [Server thread/INFO]: Mushroom Growth Modifier: 100%
[19:46:27] [Server thread/INFO]: Pumpkin Growth Modifier: 100%
[19:46:27] [Server thread/INFO]: Sapling Growth Modifier: 100%
[19:46:27] [Server thread/INFO]: Beetroot Growth Modifier: 100%
[19:46:27] [Server thread/INFO]: Carrot Growth Modifier: 100%
[19:46:27] [Server thread/INFO]: Potato Growth Modifier: 100%
[19:46:27] [Server thread/INFO]: Wheat Growth Modifier: 100%
[19:46:27] [Server thread/INFO]: NetherWart Growth Modifier: 100%
[19:46:27] [Server thread/INFO]: Vine Growth Modifier: 100%
[19:46:27] [Server thread/INFO]: Cocoa Growth Modifier: 100%
[19:46:27] [Server thread/INFO]: Bamboo Growth Modifier: 100%
[19:46:27] [Server thread/INFO]: SweetBerry Growth Modifier: 100%
[19:46:27] [Server thread/INFO]: Kelp Growth Modifier: 100%
[19:46:27] [Server thread/INFO]: Allow Zombie Pigmen to spawn from portal blocks: true
[19:46:27] [Server thread/INFO]: View Distance: 10
[19:46:27] [Server thread/INFO]: Simulation Distance: 10
[19:46:27] [Server thread/INFO]: Item Merge Radius: 2.5
[19:46:27] [Server thread/INFO]: Item Despawn Rate: 6000
[19:46:27] [Server thread/INFO]: Entity Activation Range: An 32 / Mo 32 / Ra 48 / Mi 16 / Tiv true / Isa false
[19:46:27] [Server thread/INFO]: Zombie Aggressive Towards Villager: true
[19:46:28] [Server thread/INFO]: -------- World Settings For [world_the_end] --------
[19:46:28] [Server thread/INFO]: Nerfing mobs spawned from spawners: false
[19:46:28] [Server thread/INFO]: Arrow Despawn Rate: 1200 Trident Respawn Rate:1200
[19:46:28] [Server thread/INFO]: Hopper Transfer: 8 Hopper Check: 1 Hopper Amount: 1 Hopper Can Load Chunks: false
[19:46:28] [Server thread/INFO]: Entity Tracking Range: Pl 48 / An 48 / Mo 48 / Mi 32 / Other 64
[19:46:28] [Server thread/INFO]: Custom Map Seeds:  Village: 10387312 Desert: 14357617 Igloo: 14357618 Jungle: 14357619 Swamp: 14357620 Monument: 10387313 Ocean: 14357621 Shipwreck: 165745295 End City: 10387313 Slime: 987234911 Nether: 30084232 Mansion: 10387319 Fossil: 14357921 Portal: 34222645
[19:46:28] [Server thread/INFO]: Max TNT Explosions: 100
[19:46:28] [Server thread/INFO]: Tile Max Tick Time: 50ms Entity max Tick Time: 50ms
[19:46:28] [Server thread/INFO]: Mob Spawn Range: 6
[19:46:28] [Server thread/INFO]: Experience Merge Radius: 3.0
[19:46:28] [Server thread/INFO]: Cactus Growth Modifier: 100%
[19:46:28] [Server thread/INFO]: Cane Growth Modifier: 100%
[19:46:28] [Server thread/INFO]: Melon Growth Modifier: 100%
[19:46:28] [Server thread/INFO]: Mushroom Growth Modifier: 100%
[19:46:28] [Server thread/INFO]: Pumpkin Growth Modifier: 100%
[19:46:28] [Server thread/INFO]: Sapling Growth Modifier: 100%
[19:46:28] [Server thread/INFO]: Beetroot Growth Modifier: 100%
[19:46:28] [Server thread/INFO]: Carrot Growth Modifier: 100%
[19:46:28] [Server thread/INFO]: Potato Growth Modifier: 100%
[19:46:28] [Server thread/INFO]: Wheat Growth Modifier: 100%
[19:46:28] [Server thread/INFO]: NetherWart Growth Modifier: 100%
[19:46:28] [Server thread/INFO]: Vine Growth Modifier: 100%
[19:46:28] [Server thread/INFO]: Cocoa Growth Modifier: 100%
[19:46:28] [Server thread/INFO]: Bamboo Growth Modifier: 100%
[19:46:28] [Server thread/INFO]: SweetBerry Growth Modifier: 100%
[19:46:28] [Server thread/INFO]: Kelp Growth Modifier: 100%
[19:46:28] [Server thread/INFO]: Allow Zombie Pigmen to spawn from portal blocks: true
[19:46:28] [Server thread/INFO]: View Distance: 10
[19:46:28] [Server thread/INFO]: Simulation Distance: 10
[19:46:28] [Server thread/INFO]: Item Merge Radius: 2.5
[19:46:28] [Server thread/INFO]: Item Despawn Rate: 6000
[19:46:28] [Server thread/INFO]: Entity Activation Range: An 32 / Mo 32 / Ra 48 / Mi 16 / Tiv true / Isa false
[19:46:28] [Server thread/INFO]: Zombie Aggressive Towards Villager: true
[19:46:28] [Server thread/INFO]: Preparing start region for dimension minecraft:overworld
[19:46:33] [Worker-Main-1/INFO]: Preparing spawn area: 0%
[19:46:33] [Worker-Main-1/INFO]: Preparing spawn area: 0%
[19:46:33] [Worker-Main-1/INFO]: Preparing spawn area: 0%
[19:46:33] [Worker-Main-1/INFO]: Preparing spawn area: 0%
[19:46:33] [Worker-Main-5/INFO]: Preparing spawn area: 0%
[19:46:33] [Worker-Main-5/INFO]: Preparing spawn area: 0%
[19:46:33] [Worker-Main-4/INFO]: Preparing spawn area: 0%
[19:46:33] [Worker-Main-4/INFO]: Preparing spawn area: 0%
[19:46:33] [Worker-Main-4/INFO]: Preparing spawn area: 0%
[19:46:33] [Worker-Main-4/INFO]: Preparing spawn area: 0%
[19:46:33] [Worker-Main-4/INFO]: Preparing spawn area: 0%
[19:46:33] [Worker-Main-4/INFO]: Preparing spawn area: 0%
[19:46:34] [Worker-Main-4/INFO]: Preparing spawn area: 0%
[19:46:52] [Worker-Main-1/INFO]: Preparing spawn area: 0%
[19:46:52] [Worker-Main-6/INFO]: Preparing spawn area: 0%
[19:46:52] [Worker-Main-6/INFO]: Preparing spawn area: 0%
[19:46:52] [Worker-Main-5/INFO]: Preparing spawn area: 0%
[19:46:52] [Worker-Main-4/INFO]: Preparing spawn area: 0%
[19:46:52] [Worker-Main-6/INFO]: Preparing spawn area: 0%
[19:46:52] [Worker-Main-6/INFO]: Preparing spawn area: 0%
[19:46:52] [Worker-Main-6/INFO]: Preparing spawn area: 0%
[19:46:52] [Worker-Main-6/INFO]: Preparing spawn area: 0%
[19:46:52] [Worker-Main-5/INFO]: Preparing spawn area: 1%
[19:46:52] [Worker-Main-5/INFO]: Preparing spawn area: 1%
[19:46:52] [Worker-Main-4/INFO]: Preparing spawn area: 1%
[19:46:52] [Worker-Main-6/INFO]: Preparing spawn area: 1%
[19:46:52] [Worker-Main-4/INFO]: Preparing spawn area: 1%
[19:46:52] [Worker-Main-4/INFO]: Preparing spawn area: 1%
[19:46:52] [Worker-Main-2/INFO]: Preparing spawn area: 1%
[19:46:52] [Worker-Main-2/INFO]: Preparing spawn area: 1%
[19:46:52] [Worker-Main-2/INFO]: Preparing spawn area: 1%
[19:46:52] [Worker-Main-2/INFO]: Preparing spawn area: 1%
[19:46:52] [Worker-Main-1/INFO]: Preparing spawn area: 1%
[19:46:52] [Worker-Main-1/INFO]: Preparing spawn area: 1%
[19:46:52] [Worker-Main-1/INFO]: Preparing spawn area: 1%
[19:46:52] [Worker-Main-1/INFO]: Preparing spawn area: 1%
[19:46:52] [Worker-Main-2/INFO]: Preparing spawn area: 1%
[19:46:52] [Worker-Main-2/INFO]: Preparing spawn area: 1%
[19:46:52] [Worker-Main-2/INFO]: Preparing spawn area: 1%
[19:46:52] [Worker-Main-3/INFO]: Preparing spawn area: 1%
[19:46:52] [Worker-Main-5/INFO]: Preparing spawn area: 1%
[19:46:52] [Worker-Main-6/INFO]: Preparing spawn area: 1%
[19:46:52] [Worker-Main-5/INFO]: Preparing spawn area: 1%
[19:46:52] [Worker-Main-5/INFO]: Preparing spawn area: 2%
[19:46:52] [Worker-Main-5/INFO]: Preparing spawn area: 2%
[19:46:52] [Worker-Main-1/INFO]: Preparing spawn area: 2%
[19:46:52] [Worker-Main-4/INFO]: Preparing spawn area: 2%
[19:46:52] [Worker-Main-4/INFO]: Preparing spawn area: 2%
[19:46:52] [Worker-Main-1/INFO]: Preparing spawn area: 2%
[19:46:52] [Worker-Main-4/INFO]: Preparing spawn area: 4%
[19:46:53] [Worker-Main-3/INFO]: Preparing spawn area: 4%
[19:46:53] [Worker-Main-6/INFO]: Preparing spawn area: 7%
[19:46:54] [Worker-Main-3/INFO]: Preparing spawn area: 15%
[19:46:54] [Worker-Main-7/INFO]: Preparing spawn area: 18%
[19:46:55] [Worker-Main-1/INFO]: Preparing spawn area: 25%
[19:46:55] [Worker-Main-6/INFO]: Preparing spawn area: 32%
[19:46:56] [Worker-Main-6/INFO]: Preparing spawn area: 38%
[19:46:56] [Worker-Main-4/INFO]: Preparing spawn area: 47%
[19:46:57] [Worker-Main-4/INFO]: Preparing spawn area: 55%
[19:46:57] [Worker-Main-5/INFO]: Preparing spawn area: 56%
[19:46:58] [Worker-Main-1/INFO]: Preparing spawn area: 62%
[19:46:58] [Worker-Main-6/INFO]: Preparing spawn area: 81%
[19:46:59] [Worker-Main-2/INFO]: Preparing spawn area: 83%
[19:46:59] [Worker-Main-2/INFO]: Preparing spawn area: 84%
[19:47:00] [Worker-Main-4/INFO]: Preparing spawn area: 88%
[19:47:00] [Worker-Main-3/INFO]: Preparing spawn area: 96%
[19:47:01] [Worker-Main-1/INFO]: Preparing spawn area: 99%
[19:47:01] [Server thread/INFO]: Time elapsed: 33359 ms
[19:47:01] [Server thread/INFO]: Preparing start region for dimension minecraft:the_nether
[19:47:05] [Worker-Main-2/INFO]: Preparing spawn area: 0%
[19:47:05] [Worker-Main-6/INFO]: Preparing spawn area: 0%
[19:47:05] [Worker-Main-6/INFO]: Preparing spawn area: 0%
[19:47:05] [Worker-Main-6/INFO]: Preparing spawn area: 0%
[19:47:05] [Worker-Main-6/INFO]: Preparing spawn area: 0%
[19:47:05] [Worker-Main-2/INFO]: Preparing spawn area: 0%
[19:47:05] [Worker-Main-2/INFO]: Preparing spawn area: 0%
[19:47:05] [Worker-Main-5/INFO]: Preparing spawn area: 0%
[19:47:05] [Worker-Main-2/INFO]: Preparing spawn area: 0%
[19:47:06] [Worker-Main-1/INFO]: Preparing spawn area: 11%
[19:47:06] [Worker-Main-1/INFO]: Preparing spawn area: 25%
[19:47:07] [Worker-Main-5/INFO]: Preparing spawn area: 48%
[19:47:07] [Worker-Main-3/INFO]: Preparing spawn area: 60%
[19:47:08] [Worker-Main-6/INFO]: Preparing spawn area: 65%
[19:47:08] [Worker-Main-4/INFO]: Preparing spawn area: 68%
[19:47:09] [Worker-Main-1/INFO]: Preparing spawn area: 68%
[19:47:09] [Worker-Main-1/INFO]: Preparing spawn area: 69%
[19:47:10] [Worker-Main-5/INFO]: Preparing spawn area: 70%
[19:47:10] [Worker-Main-2/INFO]: Preparing spawn area: 71%
[19:47:11] [Worker-Main-2/INFO]: Preparing spawn area: 74%
[19:47:11] [Worker-Main-6/INFO]: Preparing spawn area: 77%
[19:47:12] [Worker-Main-5/INFO]: Preparing spawn area: 80%
[19:47:12] [Worker-Main-7/INFO]: Preparing spawn area: 82%
[19:47:13] [Worker-Main-4/INFO]: Preparing spawn area: 83%
[19:47:13] [Worker-Main-6/INFO]: Preparing spawn area: 83%
[19:47:14] [Worker-Main-1/INFO]: Preparing spawn area: 84%
[19:47:14] [Worker-Main-4/INFO]: Preparing spawn area: 85%
[19:47:15] [Worker-Main-6/INFO]: Preparing spawn area: 85%
[19:47:15] [Worker-Main-6/INFO]: Preparing spawn area: 85%
[19:47:16] [Worker-Main-3/INFO]: Preparing spawn area: 86%
[19:47:16] [Worker-Main-4/INFO]: Preparing spawn area: 87%
[19:47:17] [Worker-Main-3/INFO]: Preparing spawn area: 89%
[19:47:17] [Worker-Main-2/INFO]: Preparing spawn area: 91%
[19:47:18] [Worker-Main-7/INFO]: Preparing spawn area: 94%
[19:47:18] [Worker-Main-7/INFO]: Preparing spawn area: 95%
[19:47:19] [Worker-Main-5/INFO]: Preparing spawn area: 96%
[19:47:19] [Worker-Main-3/INFO]: Preparing spawn area: 97%
[19:47:20] [Worker-Main-5/INFO]: Preparing spawn area: 98%
[19:47:20] [Server thread/INFO]: Time elapsed: 18770 ms
[19:47:20] [Server thread/INFO]: Preparing start region for dimension minecraft:the_end
[19:47:23] [Worker-Main-2/INFO]: Preparing spawn area: 0%
[19:47:23] [Worker-Main-2/INFO]: Preparing spawn area: 0%
[19:47:23] [Worker-Main-2/INFO]: Preparing spawn area: 0%
[19:47:23] [Worker-Main-2/INFO]: Preparing spawn area: 0%
[19:47:23] [Worker-Main-2/INFO]: Preparing spawn area: 0%
[19:47:23] [Worker-Main-2/INFO]: Preparing spawn area: 0%
[19:47:23] [Worker-Main-2/INFO]: Preparing spawn area: 0%
[19:47:23] [Worker-Main-2/INFO]: Preparing spawn area: 0%
[19:47:24] [Worker-Main-5/INFO]: Preparing spawn area: 4%
[19:47:24] [Worker-Main-6/INFO]: Preparing spawn area: 23%
[19:47:25] [Worker-Main-1/INFO]: Preparing spawn area: 54%
[19:47:25] [Worker-Main-7/INFO]: Preparing spawn area: 62%
[19:47:26] [Worker-Main-7/INFO]: Preparing spawn area: 81%
[19:47:26] [Worker-Main-5/INFO]: Preparing spawn area: 85%
[19:47:27] [Worker-Main-4/INFO]: Preparing spawn area: 93%
[19:47:27] [Server thread/INFO]: Time elapsed: 7421 ms
[19:47:27] [Server thread/INFO]: [prueba] Enabling prueba v0.0.2
[19:47:27] [Server thread/INFO]: plugin activado SIUUUU
[19:47:27] [Server thread/INFO]: Server permissions file permissions.yml is empty, ignoring it
[19:47:27] [Server thread/INFO]: Done (61.262s)! For help, type "help"
[19:47:40] [User Authenticator #1/INFO]: Disconnecting com.mojang.authlib.GameProfile@f042eca[id=<null>,name=videosboy,properties={},legacy=false] (/127.0.0.1:53911): Authentication servers are down. Please try again later, sorry!
[19:47:40] [User Authenticator #1/ERROR]: Couldn't verify username because servers are unavailable
[19:47:40] [Server thread/INFO]: com.mojang.authlib.GameProfile@f042eca[id=<null>,name=videosboy,properties={},legacy=false] (/127.0.0.1:53911) lost connection: Authentication servers are down. Please try again later, sorry!
[19:47:52] [User Authenticator #2/INFO]: UUID of player videosboy is 5b3ce1d4-30f7-446f-acde-0ef60dd1de1e
[19:47:53] [Server thread/INFO]: videosboy joined the game
[19:47:53] [Server thread/INFO]: videosboy[/127.0.0.1:53948] logged in with entity id 232 at ([world]-1.0548469498102493, 79.0, 8.711611978455702)
[19:48:10] [Server thread/INFO]: videosboy issued server command: /vida change videosboy 2
[19:48:12] [Server thread/INFO]: videosboy issued server command: /vida change videosboy
[19:48:12] [Server thread/ERROR]: null
org.bukkit.command.CommandException: Unhandled exception executing command 'vida' in plugin prueba v0.0.2
	at org.bukkit.command.PluginCommand.execute(PluginCommand.java:47) ~[spigot-api-1.19-R0.1-SNAPSHOT.jar:?]
	at org.bukkit.command.SimpleCommandMap.dispatch(SimpleCommandMap.java:149) ~[spigot-api-1.19-R0.1-SNAPSHOT.jar:?]
	at org.bukkit.craftbukkit.v1_19_R1.CraftServer.dispatchCommand(CraftServer.java:831) ~[spigot-1.19-R0.1-SNAPSHOT.jar:3553-Spigot-14a2382-ef09464]
	at net.minecraft.server.network.PlayerConnection.handleCommand(PlayerConnection.java:2031) ~[spigot-1.19-R0.1-SNAPSHOT.jar:3553-Spigot-14a2382-ef09464]
	at net.minecraft.server.network.PlayerConnection.a(PlayerConnection.java:1834) ~[spigot-1.19-R0.1-SNAPSHOT.jar:3553-Spigot-14a2382-ef09464]
	at net.minecraft.network.protocol.game.ServerboundChatCommandPacket.a(SourceFile:37) ~[spigot-1.19-R0.1-SNAPSHOT.jar:3553-Spigot-14a2382-ef09464]
	at net.minecraft.network.protocol.game.ServerboundChatCommandPacket.a(SourceFile:13) ~[spigot-1.19-R0.1-SNAPSHOT.jar:3553-Spigot-14a2382-ef09464]
	at net.minecraft.network.protocol.PlayerConnectionUtils.lambda$0(PlayerConnectionUtils.java:31) ~[spigot-1.19-R0.1-SNAPSHOT.jar:3553-Spigot-14a2382-ef09464]
	at net.minecraft.server.TickTask.run(SourceFile:18) ~[spigot-1.19-R0.1-SNAPSHOT.jar:3553-Spigot-14a2382-ef09464]
	at net.minecraft.util.thread.IAsyncTaskHandler.d(SourceFile:157) ~[spigot-1.19-R0.1-SNAPSHOT.jar:3553-Spigot-14a2382-ef09464]
	at net.minecraft.util.thread.IAsyncTaskHandlerReentrant.d(SourceFile:23) ~[spigot-1.19-R0.1-SNAPSHOT.jar:3553-Spigot-14a2382-ef09464]
	at net.minecraft.server.MinecraftServer.b(MinecraftServer.java:1150) ~[spigot-1.19-R0.1-SNAPSHOT.jar:3553-Spigot-14a2382-ef09464]
	at net.minecraft.server.MinecraftServer.d(MinecraftServer.java:1) ~[spigot-1.19-R0.1-SNAPSHOT.jar:3553-Spigot-14a2382-ef09464]
	at net.minecraft.util.thread.IAsyncTaskHandler.x(SourceFile:131) ~[spigot-1.19-R0.1-SNAPSHOT.jar:3553-Spigot-14a2382-ef09464]
	at net.minecraft.server.MinecraftServer.bh(MinecraftServer.java:1129) ~[spigot-1.19-R0.1-SNAPSHOT.jar:3553-Spigot-14a2382-ef09464]
	at net.minecraft.server.MinecraftServer.x(MinecraftServer.java:1122) ~[spigot-1.19-R0.1-SNAPSHOT.jar:3553-Spigot-14a2382-ef09464]
	at net.minecraft.util.thread.IAsyncTaskHandler.c(SourceFile:140) ~[spigot-1.19-R0.1-SNAPSHOT.jar:3553-Spigot-14a2382-ef09464]
	at net.minecraft.server.MinecraftServer.w(MinecraftServer.java:1106) ~[spigot-1.19-R0.1-SNAPSHOT.jar:3553-Spigot-14a2382-ef09464]
	at net.minecraft.server.MinecraftServer.v(MinecraftServer.java:1014) ~[spigot-1.19-R0.1-SNAPSHOT.jar:3553-Spigot-14a2382-ef09464]
	at net.minecraft.server.MinecraftServer.lambda$0(MinecraftServer.java:291) ~[spigot-1.19-R0.1-SNAPSHOT.jar:3553-Spigot-14a2382-ef09464]
	at java.lang.Thread.run(Thread.java:842) [?:?]
Caused by: java.lang.ArrayIndexOutOfBoundsException: Index 2 out of bounds for length 2
	at com.ejemplo.prueba.Plugin.onCommand(Plugin.java:104) ~[?:?]
	at org.bukkit.command.PluginCommand.execute(PluginCommand.java:45) ~[spigot-api-1.19-R0.1-SNAPSHOT.jar:?]
	... 20 more
[19:48:13] [Server thread/INFO]: videosboy issued server command: /vida change videosboy
[19:48:13] [Server thread/ERROR]: null
org.bukkit.command.CommandException: Unhandled exception executing command 'vida' in plugin prueba v0.0.2
	at org.bukkit.command.PluginCommand.execute(PluginCommand.java:47) ~[spigot-api-1.19-R0.1-SNAPSHOT.jar:?]
	at org.bukkit.command.SimpleCommandMap.dispatch(SimpleCommandMap.java:149) ~[spigot-api-1.19-R0.1-SNAPSHOT.jar:?]
	at org.bukkit.craftbukkit.v1_19_R1.CraftServer.dispatchCommand(CraftServer.java:831) ~[spigot-1.19-R0.1-SNAPSHOT.jar:3553-Spigot-14a2382-ef09464]
	at net.minecraft.server.network.PlayerConnection.handleCommand(PlayerConnection.java:2031) ~[spigot-1.19-R0.1-SNAPSHOT.jar:3553-Spigot-14a2382-ef09464]
	at net.minecraft.server.network.PlayerConnection.a(PlayerConnection.java:1834) ~[spigot-1.19-R0.1-SNAPSHOT.jar:3553-Spigot-14a2382-ef09464]
	at net.minecraft.network.protocol.game.ServerboundChatCommandPacket.a(SourceFile:37) ~[spigot-1.19-R0.1-SNAPSHOT.jar:3553-Spigot-14a2382-ef09464]
	at net.minecraft.network.protocol.game.ServerboundChatCommandPacket.a(SourceFile:13) ~[spigot-1.19-R0.1-SNAPSHOT.jar:3553-Spigot-14a2382-ef09464]
	at net.minecraft.network.protocol.PlayerConnectionUtils.lambda$0(PlayerConnectionUtils.java:31) ~[spigot-1.19-R0.1-SNAPSHOT.jar:3553-Spigot-14a2382-ef09464]
	at net.minecraft.server.TickTask.run(SourceFile:18) ~[spigot-1.19-R0.1-SNAPSHOT.jar:3553-Spigot-14a2382-ef09464]
	at net.minecraft.util.thread.IAsyncTaskHandler.d(SourceFile:157) ~[spigot-1.19-R0.1-SNAPSHOT.jar:3553-Spigot-14a2382-ef09464]
	at net.minecraft.util.thread.IAsyncTaskHandlerReentrant.d(SourceFile:23) ~[spigot-1.19-R0.1-SNAPSHOT.jar:3553-Spigot-14a2382-ef09464]
	at net.minecraft.server.MinecraftServer.b(MinecraftServer.java:1150) ~[spigot-1.19-R0.1-SNAPSHOT.jar:3553-Spigot-14a2382-ef09464]
	at net.minecraft.server.MinecraftServer.d(MinecraftServer.java:1) ~[spigot-1.19-R0.1-SNAPSHOT.jar:3553-Spigot-14a2382-ef09464]
	at net.minecraft.util.thread.IAsyncTaskHandler.x(SourceFile:131) ~[spigot-1.19-R0.1-SNAPSHOT.jar:3553-Spigot-14a2382-ef09464]
	at net.minecraft.server.MinecraftServer.bh(MinecraftServer.java:1129) ~[spigot-1.19-R0.1-SNAPSHOT.jar:3553-Spigot-14a2382-ef09464]
	at net.minecraft.server.MinecraftServer.x(MinecraftServer.java:1122) ~[spigot-1.19-R0.1-SNAPSHOT.jar:3553-Spigot-14a2382-ef09464]
	at net.minecraft.util.thread.IAsyncTaskHandler.bq(SourceFile:116) ~[spigot-1.19-R0.1-SNAPSHOT.jar:3553-Spigot-14a2382-ef09464]
	at net.minecraft.server.MinecraftServer.w(MinecraftServer.java:1105) ~[spigot-1.19-R0.1-SNAPSHOT.jar:3553-Spigot-14a2382-ef09464]
	at net.minecraft.server.MinecraftServer.v(MinecraftServer.java:1014) ~[spigot-1.19-R0.1-SNAPSHOT.jar:3553-Spigot-14a2382-ef09464]
	at net.minecraft.server.MinecraftServer.lambda$0(MinecraftServer.java:291) ~[spigot-1.19-R0.1-SNAPSHOT.jar:3553-Spigot-14a2382-ef09464]
	at java.lang.Thread.run(Thread.java:842) [?:?]
Caused by: java.lang.ArrayIndexOutOfBoundsException: Index 2 out of bounds for length 2
	at com.ejemplo.prueba.Plugin.onCommand(Plugin.java:104) ~[?:?]
	at org.bukkit.command.PluginCommand.execute(PluginCommand.java:45) ~[spigot-api-1.19-R0.1-SNAPSHOT.jar:?]
	... 20 more
[19:48:22] [Server thread/INFO]: videosboy issued server command: /vida change videosboy 101
[19:48:25] [Server thread/INFO]: videosboy issued server command: /vida change videosboy -101
[19:48:27] [Server thread/INFO]: videosboy issued server command: /vida change videosboy -10
[19:48:33] [Server thread/INFO]: videosboy issued server command: /vida change videosboy -100
[19:48:33] [Server thread/ERROR]: null
org.bukkit.command.CommandException: Unhandled exception executing command 'vida' in plugin prueba v0.0.2
	at org.bukkit.command.PluginCommand.execute(PluginCommand.java:47) ~[spigot-api-1.19-R0.1-SNAPSHOT.jar:?]
	at org.bukkit.command.SimpleCommandMap.dispatch(SimpleCommandMap.java:149) ~[spigot-api-1.19-R0.1-SNAPSHOT.jar:?]
	at org.bukkit.craftbukkit.v1_19_R1.CraftServer.dispatchCommand(CraftServer.java:831) ~[spigot-1.19-R0.1-SNAPSHOT.jar:3553-Spigot-14a2382-ef09464]
	at net.minecraft.server.network.PlayerConnection.handleCommand(PlayerConnection.java:2031) ~[spigot-1.19-R0.1-SNAPSHOT.jar:3553-Spigot-14a2382-ef09464]
	at net.minecraft.server.network.PlayerConnection.a(PlayerConnection.java:1834) ~[spigot-1.19-R0.1-SNAPSHOT.jar:3553-Spigot-14a2382-ef09464]
	at net.minecraft.network.protocol.game.ServerboundChatCommandPacket.a(SourceFile:37) ~[spigot-1.19-R0.1-SNAPSHOT.jar:3553-Spigot-14a2382-ef09464]
	at net.minecraft.network.protocol.game.ServerboundChatCommandPacket.a(SourceFile:13) ~[spigot-1.19-R0.1-SNAPSHOT.jar:3553-Spigot-14a2382-ef09464]
	at net.minecraft.network.protocol.PlayerConnectionUtils.lambda$0(PlayerConnectionUtils.java:31) ~[spigot-1.19-R0.1-SNAPSHOT.jar:3553-Spigot-14a2382-ef09464]
	at net.minecraft.server.TickTask.run(SourceFile:18) ~[spigot-1.19-R0.1-SNAPSHOT.jar:3553-Spigot-14a2382-ef09464]
	at net.minecraft.util.thread.IAsyncTaskHandler.d(SourceFile:157) ~[spigot-1.19-R0.1-SNAPSHOT.jar:3553-Spigot-14a2382-ef09464]
	at net.minecraft.util.thread.IAsyncTaskHandlerReentrant.d(SourceFile:23) ~[spigot-1.19-R0.1-SNAPSHOT.jar:3553-Spigot-14a2382-ef09464]
	at net.minecraft.server.MinecraftServer.b(MinecraftServer.java:1150) ~[spigot-1.19-R0.1-SNAPSHOT.jar:3553-Spigot-14a2382-ef09464]
	at net.minecraft.server.MinecraftServer.d(MinecraftServer.java:1) ~[spigot-1.19-R0.1-SNAPSHOT.jar:3553-Spigot-14a2382-ef09464]
	at net.minecraft.util.thread.IAsyncTaskHandler.x(SourceFile:131) ~[spigot-1.19-R0.1-SNAPSHOT.jar:3553-Spigot-14a2382-ef09464]
	at net.minecraft.server.MinecraftServer.bh(MinecraftServer.java:1129) ~[spigot-1.19-R0.1-SNAPSHOT.jar:3553-Spigot-14a2382-ef09464]
	at net.minecraft.server.MinecraftServer.x(MinecraftServer.java:1122) ~[spigot-1.19-R0.1-SNAPSHOT.jar:3553-Spigot-14a2382-ef09464]
	at net.minecraft.util.thread.IAsyncTaskHandler.c(SourceFile:140) ~[spigot-1.19-R0.1-SNAPSHOT.jar:3553-Spigot-14a2382-ef09464]
	at net.minecraft.server.MinecraftServer.w(MinecraftServer.java:1106) ~[spigot-1.19-R0.1-SNAPSHOT.jar:3553-Spigot-14a2382-ef09464]
	at net.minecraft.server.MinecraftServer.v(MinecraftServer.java:1014) ~[spigot-1.19-R0.1-SNAPSHOT.jar:3553-Spigot-14a2382-ef09464]
	at net.minecraft.server.MinecraftServer.lambda$0(MinecraftServer.java:291) ~[spigot-1.19-R0.1-SNAPSHOT.jar:3553-Spigot-14a2382-ef09464]
	at java.lang.Thread.run(Thread.java:842) [?:?]
Caused by: java.lang.IllegalArgumentException: Max health must be greater than 0
	at org.apache.commons.lang.Validate.isTrue(Validate.java:136) ~[commons-lang-2.6.jar:2.6]
	at org.bukkit.craftbukkit.v1_19_R1.entity.CraftLivingEntity.setMaxHealth(CraftLivingEntity.java:149) ~[spigot-1.19-R0.1-SNAPSHOT.jar:3553-Spigot-14a2382-ef09464]
	at org.bukkit.craftbukkit.v1_19_R1.entity.CraftPlayer.setMaxHealth(CraftPlayer.java:1635) ~[spigot-1.19-R0.1-SNAPSHOT.jar:3553-Spigot-14a2382-ef09464]
	at com.ejemplo.prueba.Plugin.onCommand(Plugin.java:107) ~[?:?]
	at org.bukkit.command.PluginCommand.execute(PluginCommand.java:45) ~[spigot-api-1.19-R0.1-SNAPSHOT.jar:?]
	... 20 more
[19:48:38] [Server thread/INFO]: videosboy issued server command: /vida change videosboy 100
[19:48:43] [Server thread/INFO]: videosboy issued server command: /vida change videosboy -90
[19:48:46] [Server thread/INFO]: videosboy issued server command: /vida change videosboy -2
[19:48:56] [Server thread/INFO]: videosboy issued server command: /vida refresh
[19:48:56] [Server thread/ERROR]: null
org.bukkit.command.CommandException: Unhandled exception executing command 'vida' in plugin prueba v0.0.2
	at org.bukkit.command.PluginCommand.execute(PluginCommand.java:47) ~[spigot-api-1.19-R0.1-SNAPSHOT.jar:?]
	at org.bukkit.command.SimpleCommandMap.dispatch(SimpleCommandMap.java:149) ~[spigot-api-1.19-R0.1-SNAPSHOT.jar:?]
	at org.bukkit.craftbukkit.v1_19_R1.CraftServer.dispatchCommand(CraftServer.java:831) ~[spigot-1.19-R0.1-SNAPSHOT.jar:3553-Spigot-14a2382-ef09464]
	at net.minecraft.server.network.PlayerConnection.handleCommand(PlayerConnection.java:2031) ~[spigot-1.19-R0.1-SNAPSHOT.jar:3553-Spigot-14a2382-ef09464]
	at net.minecraft.server.network.PlayerConnection.a(PlayerConnection.java:1834) ~[spigot-1.19-R0.1-SNAPSHOT.jar:3553-Spigot-14a2382-ef09464]
	at net.minecraft.network.protocol.game.ServerboundChatCommandPacket.a(SourceFile:37) ~[spigot-1.19-R0.1-SNAPSHOT.jar:3553-Spigot-14a2382-ef09464]
	at net.minecraft.network.protocol.game.ServerboundChatCommandPacket.a(SourceFile:13) ~[spigot-1.19-R0.1-SNAPSHOT.jar:3553-Spigot-14a2382-ef09464]
	at net.minecraft.network.protocol.PlayerConnectionUtils.lambda$0(PlayerConnectionUtils.java:31) ~[spigot-1.19-R0.1-SNAPSHOT.jar:3553-Spigot-14a2382-ef09464]
	at net.minecraft.server.TickTask.run(SourceFile:18) ~[spigot-1.19-R0.1-SNAPSHOT.jar:3553-Spigot-14a2382-ef09464]
	at net.minecraft.util.thread.IAsyncTaskHandler.d(SourceFile:157) ~[spigot-1.19-R0.1-SNAPSHOT.jar:3553-Spigot-14a2382-ef09464]
	at net.minecraft.util.thread.IAsyncTaskHandlerReentrant.d(SourceFile:23) ~[spigot-1.19-R0.1-SNAPSHOT.jar:3553-Spigot-14a2382-ef09464]
	at net.minecraft.server.MinecraftServer.b(MinecraftServer.java:1150) ~[spigot-1.19-R0.1-SNAPSHOT.jar:3553-Spigot-14a2382-ef09464]
	at net.minecraft.server.MinecraftServer.d(MinecraftServer.java:1) ~[spigot-1.19-R0.1-SNAPSHOT.jar:3553-Spigot-14a2382-ef09464]
	at net.minecraft.util.thread.IAsyncTaskHandler.x(SourceFile:131) ~[spigot-1.19-R0.1-SNAPSHOT.jar:3553-Spigot-14a2382-ef09464]
	at net.minecraft.server.MinecraftServer.bh(MinecraftServer.java:1129) ~[spigot-1.19-R0.1-SNAPSHOT.jar:3553-Spigot-14a2382-ef09464]
	at net.minecraft.server.MinecraftServer.x(MinecraftServer.java:1122) ~[spigot-1.19-R0.1-SNAPSHOT.jar:3553-Spigot-14a2382-ef09464]
	at net.minecraft.util.thread.IAsyncTaskHandler.bq(SourceFile:116) ~[spigot-1.19-R0.1-SNAPSHOT.jar:3553-Spigot-14a2382-ef09464]
	at net.minecraft.server.MinecraftServer.w(MinecraftServer.java:1105) ~[spigot-1.19-R0.1-SNAPSHOT.jar:3553-Spigot-14a2382-ef09464]
	at net.minecraft.server.MinecraftServer.v(MinecraftServer.java:1014) ~[spigot-1.19-R0.1-SNAPSHOT.jar:3553-Spigot-14a2382-ef09464]
	at net.minecraft.server.MinecraftServer.lambda$0(MinecraftServer.java:291) ~[spigot-1.19-R0.1-SNAPSHOT.jar:3553-Spigot-14a2382-ef09464]
	at java.lang.Thread.run(Thread.java:842) [?:?]
Caused by: java.lang.ArrayIndexOutOfBoundsException: Index 1 out of bounds for length 1
	at com.ejemplo.prueba.Plugin.onCommand(Plugin.java:94) ~[?:?]
	at org.bukkit.command.PluginCommand.execute(PluginCommand.java:45) ~[spigot-api-1.19-R0.1-SNAPSHOT.jar:?]
	... 20 more
[19:49:00] [Server thread/INFO]: videosboy issued server command: /vida refresh videosboy
[19:49:04] [Server thread/INFO]: [@: Applied effect Instant Health to videosboy]
[19:49:05] [Server thread/INFO]: [@: Applied effect Instant Health to videosboy]
[19:49:06] [Server thread/INFO]: [@: Applied effect Instant Damage to videosboy]
[19:49:07] [Server thread/INFO]: [@: Applied effect Instant Health to videosboy]
[19:49:08] [Server thread/INFO]: [@: Applied effect Instant Health to videosboy]
[19:49:12] [Server thread/INFO]: videosboy lost connection: Disconnected
[19:49:12] [Server thread/INFO]: videosboy left the game
